
> diablo2img2option@0.1.0 start /home/rudghks5317797/ROA
> react-scripts start

(node:2808) [DEP_WEBPACK_DEV_SERVER_ON_AFTER_SETUP_MIDDLEWARE] DeprecationWarning: 'onAfterSetupMiddleware' option is deprecated. Please use the 'setupMiddlewares' option.
(Use `node --trace-deprecation ...` to show where the warning was created)
(node:2808) [DEP_WEBPACK_DEV_SERVER_ON_BEFORE_SETUP_MIDDLEWARE] DeprecationWarning: 'onBeforeSetupMiddleware' option is deprecated. Please use the 'setupMiddlewares' option.
Starting the development server...

Compiled successfully!

You can now view diablo2img2option in the browser.

  Local:            http://localhost:3000
  On Your Network:  http://10.178.0.3:3000

Note that the development build is not optimized.
To create a production build, use npm run build.

webpack compiled successfully

> diablo2img2option@0.1.0 start /home/rudghks5317797/ROA
> react-scripts start

(node:8256) [DEP_WEBPACK_DEV_SERVER_ON_AFTER_SETUP_MIDDLEWARE] DeprecationWarning: 'onAfterSetupMiddleware' option is deprecated. Please use the 'setupMiddlewares' option.
(Use `node --trace-deprecation ...` to show where the warning was created)
(node:8256) [DEP_WEBPACK_DEV_SERVER_ON_BEFORE_SETUP_MIDDLEWARE] DeprecationWarning: 'onBeforeSetupMiddleware' option is deprecated. Please use the 'setupMiddlewares' option.
Starting the development server...

Compiled successfully!

You can now view diablo2img2option in the browser.

  Local:            http://localhost:3000
  On Your Network:  http://10.178.0.3:3000

Note that the development build is not optimized.
To create a production build, use npm run build.

webpack compiled successfully

> diablo2img2option@0.1.0 start /home/rudghks5317797/ROA
> react-scripts start

(node:19397) [DEP_WEBPACK_DEV_SERVER_ON_AFTER_SETUP_MIDDLEWARE] DeprecationWarning: 'onAfterSetupMiddleware' option is deprecated. Please use the 'setupMiddlewares' option.
(Use `node --trace-deprecation ...` to show where the warning was created)
(node:19397) [DEP_WEBPACK_DEV_SERVER_ON_BEFORE_SETUP_MIDDLEWARE] DeprecationWarning: 'onBeforeSetupMiddleware' option is deprecated. Please use the 'setupMiddlewares' option.
Starting the development server...

Compiled successfully!

You can now view diablo2img2option in the browser.

  Local:            http://localhost:3000
  On Your Network:  http://10.178.0.3:3000

Note that the development build is not optimized.
To create a production build, use npm run build.

webpack compiled successfully

> diablo2img2option@0.1.0 start /home/rudghks5317797/ROA
> export PORT=3001 && react-scripts start

(node:19877) [DEP_WEBPACK_DEV_SERVER_ON_AFTER_SETUP_MIDDLEWARE] DeprecationWarning: 'onAfterSetupMiddleware' option is deprecated. Please use the 'setupMiddlewares' option.
(Use `node --trace-deprecation ...` to show where the warning was created)
(node:19877) [DEP_WEBPACK_DEV_SERVER_ON_BEFORE_SETUP_MIDDLEWARE] DeprecationWarning: 'onBeforeSetupMiddleware' option is deprecated. Please use the 'setupMiddlewares' option.
Starting the development server...

Failed to compile.

[eslint] Failed to load parser '@typescript-eslint/parser' declared in 'package.json » eslint-config-react-app#overrides[0]': Cannot find module 'typescript'
Require stack:
- /home/rudghks5317797/ROA/node_modules/@typescript-eslint/typescript-estree/dist/convert.js
- /home/rudghks5317797/ROA/node_modules/@typescript-eslint/typescript-estree/dist/ast-converter.js
- /home/rudghks5317797/ROA/node_modules/@typescript-eslint/typescript-estree/dist/parser.js
- /home/rudghks5317797/ROA/node_modules/@typescript-eslint/typescript-estree/dist/index.js
- /home/rudghks5317797/ROA/node_modules/@typescript-eslint/parser/dist/parser.js
- /home/rudghks5317797/ROA/node_modules/@typescript-eslint/parser/dist/index.js
- /home/rudghks5317797/ROA/node_modules/@eslint/eslintrc/dist/eslintrc.cjs
ERROR in [eslint] Failed to load parser '@typescript-eslint/parser' declared in 'package.json » eslint-config-react-app#overrides[0]': Cannot find module 'typescript'
Require stack:
- /home/rudghks5317797/ROA/node_modules/@typescript-eslint/typescript-estree/dist/convert.js
- /home/rudghks5317797/ROA/node_modules/@typescript-eslint/typescript-estree/dist/ast-converter.js
- /home/rudghks5317797/ROA/node_modules/@typescript-eslint/typescript-estree/dist/parser.js
- /home/rudghks5317797/ROA/node_modules/@typescript-eslint/typescript-estree/dist/index.js
- /home/rudghks5317797/ROA/node_modules/@typescript-eslint/parser/dist/parser.js
- /home/rudghks5317797/ROA/node_modules/@typescript-eslint/parser/dist/index.js
- /home/rudghks5317797/ROA/node_modules/@eslint/eslintrc/dist/eslintrc.cjs

webpack compiled with 1 error

> diablo2img2option@0.1.0 start /home/rudghks5317797/ROA
> export PORT=80 && react-scripts start

(node:19981) [DEP_WEBPACK_DEV_SERVER_ON_AFTER_SETUP_MIDDLEWARE] DeprecationWarning: 'onAfterSetupMiddleware' option is deprecated. Please use the 'setupMiddlewares' option.
(Use `node --trace-deprecation ...` to show where the warning was created)
(node:19981) [DEP_WEBPACK_DEV_SERVER_ON_BEFORE_SETUP_MIDDLEWARE] DeprecationWarning: 'onBeforeSetupMiddleware' option is deprecated. Please use the 'setupMiddlewares' option.
Starting the development server...

Failed to compile.

[eslint] Failed to load parser '@typescript-eslint/parser' declared in 'package.json » eslint-config-react-app#overrides[0]': Cannot find module 'typescript'
Require stack:
- /home/rudghks5317797/ROA/node_modules/@typescript-eslint/typescript-estree/dist/convert.js
- /home/rudghks5317797/ROA/node_modules/@typescript-eslint/typescript-estree/dist/ast-converter.js
- /home/rudghks5317797/ROA/node_modules/@typescript-eslint/typescript-estree/dist/parser.js
- /home/rudghks5317797/ROA/node_modules/@typescript-eslint/typescript-estree/dist/index.js
- /home/rudghks5317797/ROA/node_modules/@typescript-eslint/parser/dist/parser.js
- /home/rudghks5317797/ROA/node_modules/@typescript-eslint/parser/dist/index.js
- /home/rudghks5317797/ROA/node_modules/@eslint/eslintrc/dist/eslintrc.cjs
ERROR in [eslint] Failed to load parser '@typescript-eslint/parser' declared in 'package.json » eslint-config-react-app#overrides[0]': Cannot find module 'typescript'
Require stack:
- /home/rudghks5317797/ROA/node_modules/@typescript-eslint/typescript-estree/dist/convert.js
- /home/rudghks5317797/ROA/node_modules/@typescript-eslint/typescript-estree/dist/ast-converter.js
- /home/rudghks5317797/ROA/node_modules/@typescript-eslint/typescript-estree/dist/parser.js
- /home/rudghks5317797/ROA/node_modules/@typescript-eslint/typescript-estree/dist/index.js
- /home/rudghks5317797/ROA/node_modules/@typescript-eslint/parser/dist/parser.js
- /home/rudghks5317797/ROA/node_modules/@typescript-eslint/parser/dist/index.js
- /home/rudghks5317797/ROA/node_modules/@eslint/eslintrc/dist/eslintrc.cjs

webpack compiled with 1 error

> diablo2img2option@0.1.0 start /home/rudghks5317797/ROA
> export PORT=80 && react-scripts start

(node:20058) [DEP_WEBPACK_DEV_SERVER_ON_AFTER_SETUP_MIDDLEWARE] DeprecationWarning: 'onAfterSetupMiddleware' option is deprecated. Please use the 'setupMiddlewares' option.
(Use `node --trace-deprecation ...` to show where the warning was created)
(node:20058) [DEP_WEBPACK_DEV_SERVER_ON_BEFORE_SETUP_MIDDLEWARE] DeprecationWarning: 'onBeforeSetupMiddleware' option is deprecated. Please use the 'setupMiddlewares' option.
Starting the development server...

Compiled successfully!

You can now view diablo2img2option in the browser.

  Local:            http://localhost:80
  On Your Network:  http://10.178.0.3:80

Note that the development build is not optimized.
To create a production build, use npm run build.

webpack compiled successfully
Compiling...
Compiled successfully!
webpack compiled successfully

> diablo2img2option@0.1.0 start /home/rudghks5317797/ROA
> react-scripts start

(node:1263) [DEP_WEBPACK_DEV_SERVER_ON_AFTER_SETUP_MIDDLEWARE] DeprecationWarning: 'onAfterSetupMiddleware' option is deprecated. Please use the 'setupMiddlewares' option.
(Use `node --trace-deprecation ...` to show where the warning was created)
(node:1263) [DEP_WEBPACK_DEV_SERVER_ON_BEFORE_SETUP_MIDDLEWARE] DeprecationWarning: 'onBeforeSetupMiddleware' option is deprecated. Please use the 'setupMiddlewares' option.
Starting the development server...

Failed to compile.

Module not found: Error: Can't resolve 'browser-image-compression' in '/home/rudghks5317797/ROA/src/component'
ERROR in ./src/component/Imageuploder.js 11:0-57
Module not found: Error: Can't resolve 'browser-image-compression' in '/home/rudghks5317797/ROA/src/component'

ERROR in ./src/pages/Home.js 8:0-57
Module not found: Error: Can't resolve 'browser-image-compression' in '/home/rudghks5317797/ROA/src/pages'

ERROR in [eslint] Failed to load parser '@typescript-eslint/parser' declared in 'package.json » eslint-config-react-app#overrides[0]': Cannot find module 'typescript'
Require stack:
- /home/rudghks5317797/ROA/node_modules/@typescript-eslint/typescript-estree/dist/convert.js
- /home/rudghks5317797/ROA/node_modules/@typescript-eslint/typescript-estree/dist/ast-converter.js
- /home/rudghks5317797/ROA/node_modules/@typescript-eslint/typescript-estree/dist/parser.js
- /home/rudghks5317797/ROA/node_modules/@typescript-eslint/typescript-estree/dist/index.js
- /home/rudghks5317797/ROA/node_modules/@typescript-eslint/parser/dist/parser.js
- /home/rudghks5317797/ROA/node_modules/@typescript-eslint/parser/dist/index.js
- /home/rudghks5317797/ROA/node_modules/@eslint/eslintrc/dist/eslintrc.cjs

webpack compiled with 3 errors
Terminated
npm ERR! code ELIFECYCLE
npm ERR! errno 143
npm ERR! diablo2img2option@0.1.0 start: `react-scripts start`
npm ERR! Exit status 143
npm ERR! 
npm ERR! Failed at the diablo2img2option@0.1.0 start script.
npm ERR! This is probably not a problem with npm. There is likely additional logging output above.

npm ERR! A complete log of this run can be found in:
npm ERR!     /root/.npm/_logs/2022-12-15T08_57_46_923Z-debug.log
Compiling...
Failed to compile.

Module not found: Error: Can't resolve 'browser-image-compression' in '/home/rudghks5317797/ROA/src/component'
ERROR in ./src/component/Imageuploder.js 11:0-57
Module not found: Error: Can't resolve 'browser-image-compression' in '/home/rudghks5317797/ROA/src/component'

ERROR in ./src/pages/Home.js 8:0-57
Module not found: Error: Can't resolve 'browser-image-compression' in '/home/rudghks5317797/ROA/src/pages'

webpack compiled with 2 errors
Failed to compile.

Module not found: Error: Can't resolve 'browser-image-compression' in '/home/rudghks5317797/ROA/src/component'
LOG from webpack.FileSystemInfo
<w> Managed item /home/rudghks5317797/ROA/node_modules/core-js-pure isn't a directory or doesn't contain a package.json (see snapshot.managedPaths option)
+ 8 hidden lines

ERROR in ./src/component/Imageuploder.js 11:0-57
Module not found: Error: Can't resolve 'browser-image-compression' in '/home/rudghks5317797/ROA/src/component'

ERROR in ./src/pages/Home.js 8:0-57
Module not found: Error: Can't resolve 'browser-image-compression' in '/home/rudghks5317797/ROA/src/pages'

ERROR in ./node_modules/core-js-pure/features/global-this.js
Module build failed (from ./node_modules/source-map-loader/dist/cjs.js):
Error: ENOENT: no such file or directory, open '/home/rudghks5317797/ROA/node_modules/core-js-pure/features/global-this.js'

webpack compiled with 3 errors
Failed to compile.

Module not found: Error: Can't resolve '/home/rudghks5317797/ROA/node_modules/css-loader/dist/cjs.js' in '/home/rudghks5317797/ROA'
ERROR in ./src/App.js 4:0-23
Module not found: Error: Can't resolve '/home/rudghks5317797/ROA/node_modules/css-loader/dist/cjs.js' in '/home/rudghks5317797/ROA'

ERROR in ./src/component/Imageuploder.js 11:0-57
Module not found: Error: Can't resolve 'browser-image-compression' in '/home/rudghks5317797/ROA/src/component'

ERROR in ./src/index.js 6:0-21
Module not found: Error: Can't resolve '/home/rudghks5317797/ROA/node_modules/css-loader/dist/cjs.js' in '/home/rudghks5317797/ROA'

ERROR in ./src/pages/Home.js 8:0-57
Module not found: Error: Can't resolve 'browser-image-compression' in '/home/rudghks5317797/ROA/src/pages'

ERROR in ./node_modules/@pmmmwh/react-refresh-webpack-plugin/lib/runtime/RefreshUtils.js
Module build failed (from ./node_modules/source-map-loader/dist/cjs.js):
Error: ENOENT: no such file or directory, open '/home/rudghks5317797/ROA/node_modules/@pmmmwh/react-refresh-webpack-plugin/lib/runtime/RefreshUtils.js'

ERROR in ./node_modules/css-loader/dist/runtime/api.js
Module build failed (from ./node_modules/source-map-loader/dist/cjs.js):
Error: ENOENT: no such file or directory, open '/home/rudghks5317797/ROA/node_modules/css-loader/dist/runtime/api.js'

ERROR in ./node_modules/css-loader/dist/runtime/getUrl.js
Module build failed (from ./node_modules/source-map-loader/dist/cjs.js):
Error: ENOENT: no such file or directory, open '/home/rudghks5317797/ROA/node_modules/css-loader/dist/runtime/getUrl.js'

ERROR in ./node_modules/css-loader/dist/runtime/sourceMaps.js
Module build failed (from ./node_modules/source-map-loader/dist/cjs.js):
Error: ENOENT: no such file or directory, open '/home/rudghks5317797/ROA/node_modules/css-loader/dist/runtime/sourceMaps.js'

ERROR in Module not found: Error: Can't resolve '/home/rudghks5317797/ROA/node_modules/@pmmmwh/react-refresh-webpack-plugin/client/ReactRefreshEntry.js' in '/home/rudghks5317797/ROA'

webpack compiled with 9 errors
Compiling...
Failed to compile.

Module not found: Error: Can't resolve 'browser-image-compression' in '/home/rudghks5317797/ROA/src/component'
ERROR in ./src/component/Imageuploder.js 11:0-57
Module not found: Error: Can't resolve 'browser-image-compression' in '/home/rudghks5317797/ROA/src/component'

ERROR in ./src/pages/Home.js 8:0-57
Module not found: Error: Can't resolve 'browser-image-compression' in '/home/rudghks5317797/ROA/src/pages'

ERROR in ./node_modules/core-js-pure/features/global-this.js
Module build failed (from ./node_modules/source-map-loader/dist/cjs.js):
Error: ENOENT: no such file or directory, open '/home/rudghks5317797/ROA/node_modules/core-js-pure/features/global-this.js'

webpack compiled with 3 errors
Compiling...
Failed to compile.

Module not found: Error: Can't resolve 'browser-image-compression' in '/home/rudghks5317797/ROA/src/component'
ERROR in ./src/component/Imageuploder.js 11:0-57
Module not found: Error: Can't resolve 'browser-image-compression' in '/home/rudghks5317797/ROA/src/component'

ERROR in ./src/pages/Home.js 8:0-57
Module not found: Error: Can't resolve 'browser-image-compression' in '/home/rudghks5317797/ROA/src/pages'

ERROR in ./node_modules/core-js-pure/features/global-this.js
Module build failed (from ./node_modules/source-map-loader/dist/cjs.js):
Error: ENOENT: no such file or directory, open '/home/rudghks5317797/ROA/node_modules/core-js-pure/features/global-this.js'

webpack compiled with 3 errors

> diablo2img2option@0.1.0 start /home/rudghks5317797/ROA
> export PORT=80 && react-scripts start

(node:1738) [DEP_WEBPACK_DEV_SERVER_ON_AFTER_SETUP_MIDDLEWARE] DeprecationWarning: 'onAfterSetupMiddleware' option is deprecated. Please use the 'setupMiddlewares' option.
(Use `node --trace-deprecation ...` to show where the warning was created)
(node:1738) [DEP_WEBPACK_DEV_SERVER_ON_BEFORE_SETUP_MIDDLEWARE] DeprecationWarning: 'onBeforeSetupMiddleware' option is deprecated. Please use the 'setupMiddlewares' option.
Starting the development server...

Compiled successfully!

You can now view diablo2img2option in the browser.

  Local:            http://localhost:80
  On Your Network:  http://10.178.0.3:80

Note that the development build is not optimized.
To create a production build, use npm run build.

webpack compiled successfully
URIError: Failed to decode param '/cgi-bin/.%%%%32%%65/.%%%%32%%65/.%%%%32%%65/.%%%%32%%65/.%%%%32%%65/bin/sh'
    at decodeURIComponent (<anonymous>)
    at decode_param (/home/rudghks5317797/ROA/node_modules/express/lib/router/layer.js:172:12)
    at Layer.match (/home/rudghks5317797/ROA/node_modules/express/lib/router/layer.js:123:27)
    at matchLayer (/home/rudghks5317797/ROA/node_modules/express/lib/router/index.js:585:18)
    at next (/home/rudghks5317797/ROA/node_modules/express/lib/router/index.js:226:15)
    at expressInit (/home/rudghks5317797/ROA/node_modules/express/lib/middleware/init.js:40:5)
    at Layer.handle [as handle_request] (/home/rudghks5317797/ROA/node_modules/express/lib/router/layer.js:95:5)
    at trim_prefix (/home/rudghks5317797/ROA/node_modules/express/lib/router/index.js:328:13)
    at /home/rudghks5317797/ROA/node_modules/express/lib/router/index.js:286:9
    at Function.process_params (/home/rudghks5317797/ROA/node_modules/express/lib/router/index.js:346:12)
URIError: Failed to decode param '/cgi-bin/.%%%%32%%65/.%%%%32%%65/.%%%%32%%65/.%%%%32%%65/.%%%%32%%65/bin/sh'
    at decodeURIComponent (<anonymous>)
    at decode_param (/home/rudghks5317797/ROA/node_modules/express/lib/router/layer.js:172:12)
    at Layer.match (/home/rudghks5317797/ROA/node_modules/express/lib/router/layer.js:123:27)
    at matchLayer (/home/rudghks5317797/ROA/node_modules/express/lib/router/index.js:585:18)
    at next (/home/rudghks5317797/ROA/node_modules/express/lib/router/index.js:226:15)
    at expressInit (/home/rudghks5317797/ROA/node_modules/express/lib/middleware/init.js:40:5)
    at Layer.handle [as handle_request] (/home/rudghks5317797/ROA/node_modules/express/lib/router/layer.js:95:5)
    at trim_prefix (/home/rudghks5317797/ROA/node_modules/express/lib/router/index.js:328:13)
    at /home/rudghks5317797/ROA/node_modules/express/lib/router/index.js:286:9
    at Function.process_params (/home/rudghks5317797/ROA/node_modules/express/lib/router/index.js:346:12)

> diablo2img2option@0.1.0 start /home/rudghks5317797/ROA
> export PORT=80 && react-scripts start

(node:92538) [DEP_WEBPACK_DEV_SERVER_ON_AFTER_SETUP_MIDDLEWARE] DeprecationWarning: 'onAfterSetupMiddleware' option is deprecated. Please use the 'setupMiddlewares' option.
(Use `node --trace-deprecation ...` to show where the warning was created)
(node:92538) [DEP_WEBPACK_DEV_SERVER_ON_BEFORE_SETUP_MIDDLEWARE] DeprecationWarning: 'onBeforeSetupMiddleware' option is deprecated. Please use the 'setupMiddlewares' option.
Starting the development server...

Compiled with warnings.

[eslint] 
src/pages/Home.js
  Line 64:6:  React Hook React.useEffect has missing dependencies: 'choiceitem', 'choicerarity', and 'optionToText'. Either include them or remove the dependency array. If 'optionToText' changes too often, find the parent component that defines it and wrap that definition in useCallback  react-hooks/exhaustive-deps

Search for the keywords to learn more about each warning.
To ignore, add // eslint-disable-next-line to the line before.

WARNING in [eslint] 
src/pages/Home.js
  Line 64:6:  React Hook React.useEffect has missing dependencies: 'choiceitem', 'choicerarity', and 'optionToText'. Either include them or remove the dependency array. If 'optionToText' changes too often, find the parent component that defines it and wrap that definition in useCallback  react-hooks/exhaustive-deps

webpack compiled with 1 warning
Compiling...
Compiled with warnings.

[eslint] 
src/pages/Home.js
  Line 64:6:  React Hook React.useEffect has missing dependencies: 'choiceitem', 'choicerarity', and 'optionToText'. Either include them or remove the dependency array. If 'optionToText' changes too often, find the parent component that defines it and wrap that definition in useCallback  react-hooks/exhaustive-deps

Search for the keywords to learn more about each warning.
To ignore, add // eslint-disable-next-line to the line before.

WARNING in [eslint] 
src/pages/Home.js
  Line 64:6:  React Hook React.useEffect has missing dependencies: 'choiceitem', 'choicerarity', and 'optionToText'. Either include them or remove the dependency array. If 'optionToText' changes too often, find the parent component that defines it and wrap that definition in useCallback  react-hooks/exhaustive-deps

webpack compiled with 1 warning
