
> diablo2img2option@0.1.0 start /home/rudghks5317797/ROA
> react-scripts start

(node:8385) [DEP_WEBPACK_DEV_SERVER_ON_AFTER_SETUP_MIDDLEWARE] DeprecationWarning: 'onAfterSetupMiddleware' option is deprecated. Please use the 'setupMiddlewares' option.
(Use `node --trace-deprecation ...` to show where the warning was created)
(node:8385) [DEP_WEBPACK_DEV_SERVER_ON_BEFORE_SETUP_MIDDLEWARE] DeprecationWarning: 'onBeforeSetupMiddleware' option is deprecated. Please use the 'setupMiddlewares' option.
Starting the development server...

Compiled successfully!

You can now view diablo2img2option in the browser.

  Local:            http://localhost:3000
  On Your Network:  http://10.178.0.3:3000

Note that the development build is not optimized.
To create a production build, use npm run build.

webpack compiled successfully
Terminated
npm ERR! code ELIFECYCLE
npm ERR! errno 143
npm ERR! diablo2img2option@0.1.0 start: `react-scripts start`
npm ERR! Exit status 143
npm ERR! 
npm ERR! Failed at the diablo2img2option@0.1.0 start script.
npm ERR! This is probably not a problem with npm. There is likely additional logging output above.

npm ERR! A complete log of this run can be found in:
npm ERR!     /root/.npm/_logs/2022-12-06T04_31_23_375Z-debug.log
